<?xml version="1.0" encoding="UTF-8"?>
<!-- Generated by org.testng.reporters.JUnitReportReporter -->
<testsuite hostname="DESKTOP-57OP23K" failures="0" tests="1" name="com.inetBanking.testCase.TC_LoginTest_001" time="2.838" errors="0" timestamp="2025-08-05T22:40:02 IST" skipped="0">
  <testcase classname="com.inetBanking.testCase.TC_LoginTest_001" name="loginTest" time="2.838"/>
</testsuite> <!-- com.inetBanking.testCase.TC_LoginTest_001 -->
